<?xml version="1.0" encoding="utf-8"?><testsuites name="pytest tests"><testsuite name="pytest" errors="0" failures="0" skipped="0" tests="29" time="14.052" timestamp="2026-04-19T04:42:30.253139+00:00" hostname="agent-env-17f6aba1-1e8c-4c1d-9d77-e704ca092cae"><testcase classname="tests.test_ironlog_api.TestHealth" name="test_health_check" time="0.575" /><testcase classname="tests.test_ironlog_api.TestAuth" name="test_register_new_user" time="0.365" /><testcase classname="tests.test_ironlog_api.TestAuth" name="test_register_duplicate_email" time="0.580" /><testcase classname="tests.test_ironlog_api.TestAuth" name="test_login_success" time="0.644" /><testcase classname="tests.test_ironlog_api.TestAuth" name="test_login_wrong_password" time="0.587" /><testcase classname="tests.test_ironlog_api.TestAuth" name="test_login_nonexistent_user" time="0.310" /><testcase classname="tests.test_ironlog_api.TestAuth" name="test_auth_me_with_token" time="0.407" /><testcase classname="tests.test_ironlog_api.TestAuth" name="test_auth_me_without_token" time="0.071" /><testcase classname="tests.test_ironlog_api.TestAuth" name="test_auth_me_invalid_token" time="0.074" /><testcase classname="tests.test_ironlog_api.TestExercises" name="test_list_exercises_preloaded" time="0.436" /><testcase classname="tests.test_ironlog_api.TestExercises" name="test_create_custom_exercise" time="0.447" /><testcase classname="tests.test_ironlog_api.TestSplits" name="test_create_split_with_days" time="0.402" /><testcase classname="tests.test_ironlog_api.TestSplits" name="test_list_splits" time="0.521" /><testcase classname="tests.test_ironlog_api.TestSplits" name="test_get_split_by_id" time="0.605" /><testcase classname="tests.test_ironlog_api.TestSplits" name="test_update_split" time="0.510" /><testcase classname="tests.test_ironlog_api.TestSplits" name="test_delete_split" time="0.394" /><testcase classname="tests.test_ironlog_api.TestSplits" name="test_get_split_not_owned" time="0.725" /><testcase classname="tests.test_ironlog_api.TestWorkouts" name="test_create_workout_with_volume" time="0.375" /><testcase classname="tests.test_ironlog_api.TestWorkouts" name="test_list_workouts_sorted" time="0.501" /><testcase classname="tests.test_ironlog_api.TestWorkouts" name="test_last_performance_found" time="0.461" /><testcase classname="tests.test_ironlog_api.TestWorkouts" name="test_last_performance_add_weight" time="0.418" /><testcase classname="tests.test_ironlog_api.TestWorkouts" name="test_last_performance_not_found" time="0.351" /><testcase classname="tests.test_ironlog_api.TestAnalytics" name="test_analytics_summary" time="0.472" /><testcase classname="tests.test_ironlog_api.TestAnalytics" name="test_analytics_volume" time="0.466" /><testcase classname="tests.test_ironlog_api.TestAnalytics" name="test_analytics_strength" time="0.490" /><testcase classname="tests.test_ironlog_api.TestAnalytics" name="test_analytics_prs" time="0.448" /><testcase classname="tests.test_ironlog_api.TestUserIsolation" name="test_splits_isolation" time="0.840" /><testcase classname="tests.test_ironlog_api.TestUserIsolation" name="test_workouts_isolation" time="0.737" /><testcase classname="tests.test_ironlog_api.TestUserIsolation" name="test_analytics_isolation" time="0.748" /></testsuite></testsuites>